c:\users\micha\desktop\cpp-draw-master\engine\x64\debug\cominitializer.obj
c:\users\micha\desktop\cpp-draw-master\engine\x64\debug\mainwindow.obj
c:\users\micha\desktop\cpp-draw-master\engine\x64\debug\brush.obj
c:\users\micha\desktop\cpp-draw-master\engine\x64\debug\main.obj
c:\users\micha\desktop\cpp-draw-master\engine\x64\debug\game.obj
c:\users\micha\desktop\cpp-draw-master\engine\x64\debug\graphics.obj
c:\users\micha\desktop\cpp-draw-master\engine\x64\debug\canvas.obj
c:\users\micha\desktop\cpp-draw-master\engine\x64\debug\dxerr.obj
c:\users\micha\desktop\cpp-draw-master\engine\x64\debug\keyboard.obj
c:\users\micha\desktop\cpp-draw-master\engine\x64\debug\mouse.obj
c:\users\micha\desktop\cpp-draw-master\engine\x64\debug\sound.obj
c:\users\micha\desktop\cpp-draw-master\engine\x64\debug\vc141.pdb
c:\users\micha\desktop\cpp-draw-master\engine\x64\debug\vc141.idb
c:\users\micha\desktop\cpp-draw-master\engine\framebufferps.shh
c:\users\micha\desktop\cpp-draw-master\engine\framebuffervs.shh
c:\users\micha\desktop\cpp-draw-master\x64\debug\engine.ilk
c:\users\micha\desktop\cpp-draw-master\x64\debug\engine.exe
c:\users\micha\desktop\cpp-draw-master\x64\debug\engine.pdb
c:\users\micha\desktop\cpp-draw-master\engine\x64\debug\resource.res
c:\users\micha\desktop\cpp-draw-master\engine\x64\debug\engine.tlog\cl.command.1.tlog
c:\users\micha\desktop\cpp-draw-master\engine\x64\debug\engine.tlog\cl.read.1.tlog
c:\users\micha\desktop\cpp-draw-master\engine\x64\debug\engine.tlog\cl.write.1.tlog
c:\users\micha\desktop\cpp-draw-master\engine\x64\debug\engine.tlog\engine.write.1u.tlog
c:\users\micha\desktop\cpp-draw-master\engine\x64\debug\engine.tlog\fxc.command.1.tlog
c:\users\micha\desktop\cpp-draw-master\engine\x64\debug\engine.tlog\fxc.read.1.tlog
c:\users\micha\desktop\cpp-draw-master\engine\x64\debug\engine.tlog\fxc.write.1.tlog
c:\users\micha\desktop\cpp-draw-master\engine\x64\debug\engine.tlog\link.command.1.tlog
c:\users\micha\desktop\cpp-draw-master\engine\x64\debug\engine.tlog\link.read.1.tlog
c:\users\micha\desktop\cpp-draw-master\engine\x64\debug\engine.tlog\link.write.1.tlog
c:\users\micha\desktop\cpp-draw-master\engine\x64\debug\engine.tlog\rc.command.1.tlog
c:\users\micha\desktop\cpp-draw-master\engine\x64\debug\engine.tlog\rc.read.1.tlog
c:\users\micha\desktop\cpp-draw-master\engine\x64\debug\engine.tlog\rc.write.1.tlog
